2024-12-15 22:25:04,405 - INFO - --------------------------------------------------------------------
2024-12-15 22:25:04,405 - INFO - ------------------       Profiling Pipeline       ------------------
2024-12-15 22:25:04,405 - INFO - --------------------------------------------------------------------
2024-12-15 22:25:04,405 - INFO - Machine (hostname): voyagerone
2024-12-15 22:25:04,405 - INFO - Metadata
2024-12-15 22:25:04,405 - INFO - 		Script's name:		SC2_profiling_pandas_dataframes.py
2024-12-15 22:25:04,405 - INFO - 		Data for nodes (path):	../data_examples/dataset_3000_nodes_proteins.csv
2024-12-15 22:25:04,405 - INFO - 		Data for edges (path):	../data_examples/dataset_3000_edges_interactions.csv
2024-12-15 22:25:04,405 - INFO - 		Logs path:		../logs/log_3000_pandas_dataframes.log

2024-12-15 22:25:04,405 - INFO - Profiling with Memray
2024-12-15 22:25:04,405 - INFO - Writing Memray results into: ../data_results/memray_graph_3000_adjacency_map.bin
2024-12-15 22:25:11,480 - INFO - End of report!!!
2024-12-15 22:25:11,480 - INFO - ======   Data stats
2024-12-15 22:25:11,480 - INFO - --- Dataframe for nodes (info)
2024-12-15 22:25:11,485 - INFO - <class 'pandas.core.frame.DataFrame'>
RangeIndex: 3000 entries, 0 to 2999
Data columns (total 3 columns):
 #   Column      Non-Null Count  Dtype
---  ------      --------------  -----
 0   UniProt ID  3000 non-null   object
 1   label       3000 non-null   object
 2   properties  3000 non-null   object
dtypes: object(3)
memory usage: 879.3 KB

2024-12-15 22:25:11,485 - INFO - --- Dataframe for edges (info)
2024-12-15 22:25:11,850 - INFO - <class 'pandas.core.frame.DataFrame'>
RangeIndex: 449727 entries, 0 to 449726
Data columns (total 5 columns):
 #   Column           Non-Null Count   Dtype
---  ------           --------------   -----
 0   Relationship ID  224699 non-null  object
 1   Source ID        449727 non-null  object
 2   Target ID        449727 non-null  object
 3   label            449727 non-null  object
 4   properties       449727 non-null  object
dtypes: object(5)
memory usage: 141.7 MB

2024-12-15 22:25:11,850 - INFO - 	Number of nodes (NetworkX graph): 2999
2024-12-15 22:25:11,851 - INFO - 	Number of edges (NetworkX graph): 449713
2024-12-15 22:25:11,851 - INFO - End of report!!!
2024-12-15 22:25:23,578 - INFO - --------------------------------------------------------------------
2024-12-15 22:25:23,578 - INFO - ------------------       Profiling Pipeline       ------------------
2024-12-15 22:25:23,578 - INFO - --------------------------------------------------------------------
2024-12-15 22:25:23,578 - INFO - Machine (hostname): voyagerone
2024-12-15 22:25:23,579 - INFO - Metadata
2024-12-15 22:25:23,579 - INFO - 		Script's name:		SC2_profiling_pandas_dataframes.py
2024-12-15 22:25:23,579 - INFO - 		Data for nodes (path):	../data_examples/dataset_3000_nodes_proteins.csv
2024-12-15 22:25:23,579 - INFO - 		Data for edges (path):	../data_examples/dataset_3000_edges_interactions.csv
2024-12-15 22:25:23,579 - INFO - 		Logs path:		../logs/log_3000_pandas_dataframes.log

2024-12-15 22:25:23,579 - INFO - Profiling with cProfile only
2024-12-15 22:25:31,889 - INFO - ======   Time profile
2024-12-15 22:25:31,894 - INFO -          13170585 function calls (12248818 primitive calls) in 8.310 seconds

   Ordered by: cumulative time
   List reduced from 685 to 30 due to restriction <30>

   ncalls  tottime  percall  cumtime  percall filename:lineno(function)
        1    0.045    0.045    8.310    8.310 /home/egcarren/WorkspaceEdwin/e-Repositories/public/profiling_datastructures/scripts/SC2_profiling_pandas_dataframes.py:42(pipeline)
        6    0.000    0.000    6.648    1.108 /home/egcarren/anaconda3/envs/sandbox_graphpack/lib/python3.10/site-packages/pandas/core/generic.py:6126(pipe)
        6    0.006    0.001    6.648    1.108 /home/egcarren/anaconda3/envs/sandbox_graphpack/lib/python3.10/site-packages/pandas/core/common.py:468(pipe)
        1    0.033    0.033    6.595    6.595 /home/egcarren/WorkspaceEdwin/e-Repositories/public/profiling_datastructures/scripts/pipeline_functions.py:224(df_to_networkx_edges)
        2    0.008    0.004    5.350    2.675 /home/egcarren/WorkspaceEdwin/e-Repositories/public/profiling_datastructures/scripts/pipeline_functions.py:196(merge_properties)
        2    0.000    0.000    5.112    2.556 /home/egcarren/anaconda3/envs/sandbox_graphpack/lib/python3.10/site-packages/pandas/core/series.py:4620(map)
        2    0.000    0.000    5.111    2.556 /home/egcarren/anaconda3/envs/sandbox_graphpack/lib/python3.10/site-packages/pandas/core/base.py:891(_map_values)
        2    0.250    0.125    5.111    2.556 /home/egcarren/anaconda3/envs/sandbox_graphpack/lib/python3.10/site-packages/pandas/core/algorithms.py:1667(map_array)
   452727    0.648    0.000    4.861    0.000 /home/egcarren/anaconda3/envs/sandbox_graphpack/lib/python3.10/ast.py:54(literal_eval)
   452727    0.204    0.000    2.443    0.000 /home/egcarren/anaconda3/envs/sandbox_graphpack/lib/python3.10/ast.py:33(parse)
   452727    2.194    0.000    2.194    0.000 {built-in method builtins.compile}
1374041/452727    1.340    0.000    1.673    0.000 /home/egcarren/anaconda3/envs/sandbox_graphpack/lib/python3.10/ast.py:84(_convert)
        2    0.008    0.004    1.249    0.624 /home/egcarren/WorkspaceEdwin/e-Repositories/public/profiling_datastructures/scripts/pipeline_functions.py:175(row_to_dictionary)
        2    0.566    0.283    1.163    0.582 /home/egcarren/WorkspaceEdwin/e-Repositories/public/profiling_datastructures/scripts/pipeline_functions.py:184(<listcomp>)
        1    0.007    0.007    1.112    1.112 /home/egcarren/WorkspaceEdwin/e-Repositories/public/profiling_datastructures/scripts/pipeline_functions.py:234(networkx_graph_from_pandas)
        1    0.874    0.874    1.083    1.083 /home/egcarren/anaconda3/envs/sandbox_graphpack/lib/python3.10/site-packages/networkx/classes/digraph.py:685(add_edges_from)
   452742    0.452    0.000    0.598    0.000 /home/egcarren/anaconda3/envs/sandbox_graphpack/lib/python3.10/site-packages/pandas/core/base.py:836(__iter__)
        1    0.000    0.000    0.472    0.472 /home/egcarren/WorkspaceEdwin/e-Repositories/public/profiling_datastructures/scripts/pipeline_functions.py:169(create_dataframes)
        2    0.000    0.000    0.472    0.236 /home/egcarren/WorkspaceEdwin/e-Repositories/public/profiling_datastructures/scripts/pipeline_functions.py:165(from_csv_to_pandasdf)
        2    0.000    0.000    0.472    0.236 /home/egcarren/anaconda3/envs/sandbox_graphpack/lib/python3.10/site-packages/pandas/io/parsers/readers.py:868(read_csv)
        2    0.013    0.007    0.472    0.236 /home/egcarren/anaconda3/envs/sandbox_graphpack/lib/python3.10/site-packages/pandas/io/parsers/readers.py:583(_read)
        2    0.000    0.000    0.455    0.228 /home/egcarren/anaconda3/envs/sandbox_graphpack/lib/python3.10/site-packages/pandas/io/parsers/readers.py:1907(read)
        2    0.401    0.200    0.428    0.214 /home/egcarren/anaconda3/envs/sandbox_graphpack/lib/python3.10/site-packages/pandas/io/parsers/c_parser_wrapper.py:222(read)
5450903/5450874    0.393    0.000    0.393    0.000 {built-in method builtins.isinstance}
        2    0.152    0.076    0.152    0.076 /home/egcarren/WorkspaceEdwin/e-Repositories/public/profiling_datastructures/scripts/pipeline_functions.py:199(<listcomp>)
   905457    0.141    0.000    0.141    0.000 {method 'update' of 'dict' objects}
  1358301    0.118    0.000    0.118    0.000 /home/egcarren/anaconda3/envs/sandbox_graphpack/lib/python3.10/site-packages/pandas/core/indexes/base.py:5144(_values)
1356031/1355823    0.100    0.000    0.100    0.000 {built-in method builtins.len}
        1    0.000    0.000    0.086    0.086 /home/egcarren/WorkspaceEdwin/e-Repositories/public/profiling_datastructures/scripts/pipeline_functions.py:210(df_to_networkx_nodes)
       42    0.009    0.000    0.079    0.002 /home/egcarren/anaconda3/envs/sandbox_graphpack/lib/python3.10/site-packages/pandas/core/construction.py:517(sanitize_array)



2024-12-15 22:25:31,894 - INFO - ======   Data stats
2024-12-15 22:25:31,895 - INFO - --- Dataframe for nodes (info)
2024-12-15 22:25:31,899 - INFO - <class 'pandas.core.frame.DataFrame'>
RangeIndex: 3000 entries, 0 to 2999
Data columns (total 3 columns):
 #   Column      Non-Null Count  Dtype
---  ------      --------------  -----
 0   UniProt ID  3000 non-null   object
 1   label       3000 non-null   object
 2   properties  3000 non-null   object
dtypes: object(3)
memory usage: 879.3 KB

2024-12-15 22:25:31,899 - INFO - --- Dataframe for edges (info)
2024-12-15 22:25:32,270 - INFO - <class 'pandas.core.frame.DataFrame'>
RangeIndex: 449727 entries, 0 to 449726
Data columns (total 5 columns):
 #   Column           Non-Null Count   Dtype
---  ------           --------------   -----
 0   Relationship ID  224699 non-null  object
 1   Source ID        449727 non-null  object
 2   Target ID        449727 non-null  object
 3   label            449727 non-null  object
 4   properties       449727 non-null  object
dtypes: object(5)
memory usage: 141.7 MB

2024-12-15 22:25:32,270 - INFO - 	Number of nodes (NetworkX graph): 2999
2024-12-15 22:25:32,271 - INFO - 	Number of edges (NetworkX graph): 449713
2024-12-15 22:25:32,271 - INFO - End of report!!!
