2024-12-15 22:23:52,709 - INFO - --------------------------------------------------------------------
2024-12-15 22:23:52,709 - INFO - ------------------       Profiling Pipeline       ------------------
2024-12-15 22:23:52,710 - INFO - --------------------------------------------------------------------
2024-12-15 22:23:52,710 - INFO - Machine (hostname): voyagerone
2024-12-15 22:23:52,710 - INFO - Metadata
2024-12-15 22:23:52,710 - INFO - 		Script's name:		SC1_profiling_lists.py
2024-12-15 22:23:52,710 - INFO - 		Data for nodes (path):	../data_examples/dataset_3000_nodes_proteins.csv
2024-12-15 22:23:52,710 - INFO - 		Data for edges (path):	../data_examples/dataset_3000_edges_interactions.csv
2024-12-15 22:23:52,710 - INFO - 		Logs path:		../logs/log_3000_lists.log

2024-12-15 22:23:52,710 - INFO - Profiling with cProfile only
2024-12-15 22:24:00,249 - INFO - ======   Time profile
2024-12-15 22:24:00,250 - INFO -          12259469 function calls (11338155 primitive calls) in 7.539 seconds

   Ordered by: cumulative time
   List reduced from 43 to 30 due to restriction <30>

   ncalls  tottime  percall  cumtime  percall filename:lineno(function)
        1    0.000    0.000    7.539    7.539 /home/egcarren/WorkspaceEdwin/e-Repositories/public/profiling_datastructures/scripts/SC1_profiling_lists.py:40(pipeline)
        1    0.000    0.000    7.044    7.044 /home/egcarren/WorkspaceEdwin/e-Repositories/public/profiling_datastructures/scripts/pipeline_functions.py:147(networkx_graph_from_lists)
        1    1.041    1.041    6.977    6.977 /home/egcarren/anaconda3/envs/sandbox_graphpack/lib/python3.10/site-packages/networkx/classes/digraph.py:685(add_edges_from)
   449728    0.476    0.000    5.669    0.000 /home/egcarren/WorkspaceEdwin/e-Repositories/public/profiling_datastructures/scripts/pipeline_functions.py:81(transform_edge_tuple_to_three_fields)
   452727    0.710    0.000    5.221    0.000 /home/egcarren/anaconda3/envs/sandbox_graphpack/lib/python3.10/ast.py:54(literal_eval)
   452727    0.227    0.000    2.611    0.000 /home/egcarren/anaconda3/envs/sandbox_graphpack/lib/python3.10/ast.py:33(parse)
   452727    2.334    0.000    2.334    0.000 {built-in method builtins.compile}
1374041/452727    1.441    0.000    1.784    0.000 /home/egcarren/anaconda3/envs/sandbox_graphpack/lib/python3.10/ast.py:84(_convert)
        1    0.000    0.000    0.495    0.495 /home/egcarren/WorkspaceEdwin/e-Repositories/public/profiling_datastructures/scripts/pipeline_functions.py:134(create_lists)
        1    0.061    0.061    0.491    0.491 /home/egcarren/WorkspaceEdwin/e-Repositories/public/profiling_datastructures/scripts/pipeline_functions.py:142(<listcomp>)
   452729    0.428    0.000    0.434    0.000 /home/egcarren/WorkspaceEdwin/e-Repositories/public/profiling_datastructures/scripts/pipeline_functions.py:21(load_csv_generator)
  5448586    0.415    0.000    0.415    0.000 {built-in method builtins.isinstance}
   905455    0.165    0.000    0.165    0.000 {method 'update' of 'dict' objects}
  1355181    0.114    0.000    0.114    0.000 {built-in method builtins.len}
        1    0.005    0.005    0.067    0.067 /home/egcarren/anaconda3/envs/sandbox_graphpack/lib/python3.10/site-packages/networkx/classes/digraph.py:475(add_nodes_from)
   449729    0.061    0.000    0.061    0.000 {method 'get' of 'dict' objects}
     3001    0.004    0.000    0.060    0.000 /home/egcarren/WorkspaceEdwin/e-Repositories/public/profiling_datastructures/scripts/pipeline_functions.py:47(transform_node_tuple_to_two_fields)
   452727    0.052    0.000    0.052    0.000 {method 'lstrip' of 'str' objects}
     3534    0.003    0.000    0.006    0.000 /home/egcarren/anaconda3/envs/sandbox_graphpack/lib/python3.10/codecs.py:319(decode)
        1    0.000    0.000    0.004    0.004 /home/egcarren/WorkspaceEdwin/e-Repositories/public/profiling_datastructures/scripts/pipeline_functions.py:141(<listcomp>)
     3534    0.004    0.000    0.004    0.000 {built-in method _codecs.utf_8_decode}
     3000    0.000    0.000    0.000    0.000 {method 'copy' of 'dict' objects}
        2    0.000    0.000    0.000    0.000 {built-in method io.open}
        1    0.000    0.000    0.000    0.000 /home/egcarren/anaconda3/envs/sandbox_graphpack/lib/python3.10/encodings/__init__.py:71(search_function)
        2    0.000    0.000    0.000    0.000 {built-in method builtins.next}
        2    0.000    0.000    0.000    0.000 {method '__exit__' of '_io._IOBase' objects}
        1    0.000    0.000    0.000    0.000 /home/egcarren/anaconda3/envs/sandbox_graphpack/lib/python3.10/site-packages/networkx/classes/digraph.py:322(__init__)
        1    0.000    0.000    0.000    0.000 /home/egcarren/anaconda3/envs/sandbox_graphpack/lib/python3.10/encodings/__init__.py:43(normalize_encoding)
        1    0.000    0.000    0.000    0.000 /home/egcarren/anaconda3/envs/sandbox_graphpack/lib/python3.10/encodings/utf_8.py:33(getregentry)
        1    0.000    0.000    0.000    0.000 /home/egcarren/anaconda3/envs/sandbox_graphpack/lib/python3.10/codecs.py:94(__new__)



2024-12-15 22:24:00,250 - INFO - ======   Data stats
2024-12-15 22:24:00,250 - INFO - 	Number of nodes(list): 3000
2024-12-15 22:24:00,250 - INFO - 	Number of edges(list): 449727
2024-12-15 22:24:00,250 - INFO - 	Number of nodes (NetworkX graph): 2999
2024-12-15 22:24:00,251 - INFO - 	Number of edges (NetworkX graph): 449713
2024-12-15 22:24:00,251 - INFO - End of report!!!
